N=62500, force_kernel_plain_double3 0.155404 [sec]
N=62500, force_kernel_plain_double3 0.127634 [sec] (without Host<->Device)
N=62500, force_kernel_plain_double4 0.159942 [sec]
N=62500, force_kernel_plain_double4 0.131306 [sec] (without Host<->Device)
N=62500, force_kernel_ifless_double3 0.145524 [sec]
N=62500, force_kernel_ifless_double3 0.117791 [sec] (without Host<->Device)
N=62500, force_kernel_ifless_double4 0.169743 [sec]
N=62500, force_kernel_ifless_double4 0.141198 [sec] (without Host<->Device)
N=62500, force_kernel_memopt_double3 0.111826 [sec]
N=62500, force_kernel_memopt_double3 0.084064 [sec] (without Host<->Device)
N=62500, force_kernel_memopt_double4 0.112462 [sec]
N=62500, force_kernel_memopt_double4 0.083915 [sec] (without Host<->Device)
N=62500, force_kernel_memopt2_double3 0.047354 [sec]
N=62500, force_kernel_memopt2_double3 0.019620 [sec] (without Host<->Device)
N=62500, force_kernel_memopt2_double4 0.045454 [sec]
N=62500, force_kernel_memopt2_double4 0.016927 [sec] (without Host<->Device)
N=62500, force_kernel_memopt3_double3 0.047275 [sec]
N=62500, force_kernel_memopt3_double3 0.019560 [sec] (without Host<->Device)
N=62500, force_kernel_memopt3_double4 0.045355 [sec]
N=62500, force_kernel_memopt3_double4 0.016825 [sec] (without Host<->Device)
N=62500, force_kernel_memopt3_swpl_double3 0.047409 [sec]
N=62500, force_kernel_memopt3_swpl_double3 0.019678 [sec] (without Host<->Device)
N=62500, force_kernel_memopt3_swpl_double4 0.045346 [sec]
N=62500, force_kernel_memopt3_swpl_double4 0.016824 [sec] (without Host<->Device)
N=62500, force_kernel_swpl_double3 0.048459 [sec]
N=62500, force_kernel_swpl_double3 0.020712 [sec] (without Host<->Device)
N=62500, force_kernel_swpl_double4 0.045627 [sec]
N=62500, force_kernel_swpl_double4 0.017071 [sec] (without Host<->Device)
N=62500, force_kernel_swpl2_double3 0.047922 [sec]
N=62500, force_kernel_swpl2_double3 0.020205 [sec] (without Host<->Device)
N=62500, force_kernel_swpl2_double4 0.046120 [sec]
N=62500, force_kernel_swpl2_double4 0.017607 [sec] (without Host<->Device)
N=62500, force_kernel_swpl3_double3 0.048585 [sec]
N=62500, force_kernel_swpl3_double3 0.020862 [sec] (without Host<->Device)
N=62500, force_kernel_swpl3_double4 0.045724 [sec]
N=62500, force_kernel_swpl3_double4 0.017210 [sec] (without Host<->Device)
N=62500, force_kernel_unrolling_double3 0.063507 [sec]
N=62500, force_kernel_unrolling_double3 0.035780 [sec] (without Host<->Device)
N=62500, force_kernel_unrolling_double4 0.053193 [sec]
N=62500, force_kernel_unrolling_double4 0.024671 [sec] (without Host<->Device)
N=62500, force_kernel_unrolling2_double3 0.058714 [sec]
N=62500, force_kernel_unrolling2_double3 0.030945 [sec] (without Host<->Device)
N=62500, force_kernel_unrolling2_double4 0.048394 [sec]
N=62500, force_kernel_unrolling2_double4 0.019862 [sec] (without Host<->Device)
N=62500, force_kernel_memopt3_coarse_double3 0.047362 [sec]
N=62500, force_kernel_memopt3_coarse_double3 0.019634 [sec] (without Host<->Device)
N=62500, force_kernel_memopt3_coarse_double4 0.045898 [sec]
N=62500, force_kernel_memopt3_coarse_double4 0.017360 [sec] (without Host<->Device)
N=62500, force_kernel_warp_unroll_double3 0.044131 [sec]
N=62500, force_kernel_warp_unroll_double3 0.016365 [sec] (without Host<->Device)
N=62500, force_kernel_warp_unroll_double4 0.043963 [sec]
N=62500, force_kernel_warp_unroll_double4 0.015433 [sec] (without Host<->Device)
N=62500, force_kernel_plain_with_aar_double3 0.104158 [sec]
N=62500, force_kernel_plain_with_aar_double3 0.075965 [sec] (without Host<->Device)
N=62500, force_kernel_plain_with_aar_double4 0.109335 [sec]
N=62500, force_kernel_plain_with_aar_double4 0.080849 [sec] (without Host<->Device)
N=62500, force_kernel_ifless_with_aar_double3 0.114616 [sec]
N=62500, force_kernel_ifless_with_aar_double3 0.086935 [sec] (without Host<->Device)
N=62500, force_kernel_ifless_with_aar_double4 0.126247 [sec]
N=62500, force_kernel_ifless_with_aar_double4 0.097707 [sec] (without Host<->Device)
N=62500, force_kernel_memopt_with_aar_double3 0.088816 [sec]
N=62500, force_kernel_memopt_with_aar_double3 0.061128 [sec] (without Host<->Device)
N=62500, force_kernel_memopt_with_aar_double4 0.090117 [sec]
N=62500, force_kernel_memopt_with_aar_double4 0.061660 [sec] (without Host<->Device)
N=62500, force_kernel_memopt2_with_aar_double3 0.048984 [sec]
N=62500, force_kernel_memopt2_with_aar_double3 0.021300 [sec] (without Host<->Device)
N=62500, force_kernel_memopt2_with_aar_double4 0.059532 [sec]
N=62500, force_kernel_memopt2_with_aar_double4 0.031057 [sec] (without Host<->Device)
N=62500, force_kernel_memopt3_with_aar_double3 0.048994 [sec]
N=62500, force_kernel_memopt3_with_aar_double3 0.021301 [sec] (without Host<->Device)
N=62500, force_kernel_memopt3_with_aar_double4 0.059292 [sec]
N=62500, force_kernel_memopt3_with_aar_double4 0.030821 [sec] (without Host<->Device)
N=62500, force_kernel_warp_unroll_with_aar_double3 0.047532 [sec]
N=62500, force_kernel_warp_unroll_with_aar_double3 0.019862 [sec] (without Host<->Device)
N=62500, force_kernel_warp_unroll_with_aar_double4 0.049201 [sec]
N=62500, force_kernel_warp_unroll_with_aar_double4 0.020740 [sec] (without Host<->Device)
