N=62500, force_kernel_plain_double3 0.558561 [sec]
N=62500, force_kernel_plain_double3 0.527954 [sec] (without Host<->Device)
N=62500, force_kernel_plain_double4 0.562840 [sec]
N=62500, force_kernel_plain_double4 0.531298 [sec] (without Host<->Device)
N=62500, force_kernel_ifless_double3 0.475524 [sec]
N=62500, force_kernel_ifless_double3 0.444903 [sec] (without Host<->Device)
N=62500, force_kernel_ifless_double4 0.576545 [sec]
N=62500, force_kernel_ifless_double4 0.545024 [sec] (without Host<->Device)
N=62500, force_kernel_memopt_double3 0.325122 [sec]
N=62500, force_kernel_memopt_double3 0.294512 [sec] (without Host<->Device)
N=62500, force_kernel_memopt_double4 0.350565 [sec]
N=62500, force_kernel_memopt_double4 0.319056 [sec] (without Host<->Device)
N=62500, force_kernel_memopt2_double3 0.097485 [sec]
N=62500, force_kernel_memopt2_double3 0.066895 [sec] (without Host<->Device)
N=62500, force_kernel_memopt2_double4 0.091804 [sec]
N=62500, force_kernel_memopt2_double4 0.060310 [sec] (without Host<->Device)
N=62500, force_kernel_memopt3_double3 0.094267 [sec]
N=62500, force_kernel_memopt3_double3 0.063700 [sec] (without Host<->Device)
N=62500, force_kernel_memopt3_double4 0.084539 [sec]
N=62500, force_kernel_memopt3_double4 0.053071 [sec] (without Host<->Device)
N=62500, force_kernel_memopt3_swpl_double3 0.094363 [sec]
N=62500, force_kernel_memopt3_swpl_double3 0.063782 [sec] (without Host<->Device)
N=62500, force_kernel_memopt3_swpl_double4 0.084737 [sec]
N=62500, force_kernel_memopt3_swpl_double4 0.053271 [sec] (without Host<->Device)
N=62500, force_kernel_swpl_double3 0.096678 [sec]
N=62500, force_kernel_swpl_double3 0.066082 [sec] (without Host<->Device)
N=62500, force_kernel_swpl_double4 0.091530 [sec]
N=62500, force_kernel_swpl_double4 0.060035 [sec] (without Host<->Device)
N=62500, force_kernel_swpl2_double3 0.098233 [sec]
N=62500, force_kernel_swpl2_double3 0.067649 [sec] (without Host<->Device)
N=62500, force_kernel_swpl2_double4 0.088809 [sec]
N=62500, force_kernel_swpl2_double4 0.057340 [sec] (without Host<->Device)
N=62500, force_kernel_swpl3_double3 0.092705 [sec]
N=62500, force_kernel_swpl3_double3 0.062117 [sec] (without Host<->Device)
N=62500, force_kernel_swpl3_double4 0.081571 [sec]
N=62500, force_kernel_swpl3_double4 0.050099 [sec] (without Host<->Device)
N=62500, force_kernel_unrolling_double3 0.087728 [sec]
N=62500, force_kernel_unrolling_double3 0.057160 [sec] (without Host<->Device)
N=62500, force_kernel_unrolling_double4 0.089146 [sec]
N=62500, force_kernel_unrolling_double4 0.057694 [sec] (without Host<->Device)
N=62500, force_kernel_unrolling2_double3 0.090702 [sec]
N=62500, force_kernel_unrolling2_double3 0.060114 [sec] (without Host<->Device)
N=62500, force_kernel_unrolling2_double4 0.080799 [sec]
N=62500, force_kernel_unrolling2_double4 0.049346 [sec] (without Host<->Device)
N=62500, force_kernel_memopt3_coarse_double3 0.097629 [sec]
N=62500, force_kernel_memopt3_coarse_double3 0.067050 [sec] (without Host<->Device)
N=62500, force_kernel_memopt3_coarse_double4 0.080307 [sec]
N=62500, force_kernel_memopt3_coarse_double4 0.048856 [sec] (without Host<->Device)
N=62500, force_kernel_warp_unroll_double3 0.117409 [sec]
N=62500, force_kernel_warp_unroll_double3 0.087026 [sec] (without Host<->Device)
N=62500, force_kernel_warp_unroll_double4 0.121933 [sec]
N=62500, force_kernel_warp_unroll_double4 0.090641 [sec] (without Host<->Device)
N=62500, force_kernel_warp_unroll2_double3 0.100581 [sec]
N=62500, force_kernel_warp_unroll2_double3 0.070199 [sec] (without Host<->Device)
N=62500, force_kernel_warp_unroll2_double4 0.103957 [sec]
N=62500, force_kernel_warp_unroll2_double4 0.072665 [sec] (without Host<->Device)
N=62500, force_kernel_plain_with_aar_double3 0.718664 [sec]
N=62500, force_kernel_plain_with_aar_double3 0.687372 [sec] (without Host<->Device)
N=62500, force_kernel_plain_with_aar_double4 0.728973 [sec]
N=62500, force_kernel_plain_with_aar_double4 0.697527 [sec] (without Host<->Device)
N=62500, force_kernel_ifless_with_aar_double3 0.848835 [sec]
N=62500, force_kernel_ifless_with_aar_double3 0.818288 [sec] (without Host<->Device)
N=62500, force_kernel_ifless_with_aar_double4 0.898115 [sec]
N=62500, force_kernel_ifless_with_aar_double4 0.866669 [sec] (without Host<->Device)
N=62500, force_kernel_memopt_with_aar_double3 0.366203 [sec]
N=62500, force_kernel_memopt_with_aar_double3 0.335657 [sec] (without Host<->Device)
N=62500, force_kernel_memopt_with_aar_double4 0.396334 [sec]
N=62500, force_kernel_memopt_with_aar_double4 0.364888 [sec] (without Host<->Device)
N=62500, force_kernel_memopt2_with_aar_double3 0.376900 [sec]
N=62500, force_kernel_memopt2_with_aar_double3 0.346351 [sec] (without Host<->Device)
N=62500, force_kernel_memopt2_with_aar_double4 0.393127 [sec]
N=62500, force_kernel_memopt2_with_aar_double4 0.361685 [sec] (without Host<->Device)
N=62500, force_kernel_memopt3_with_aar_double3 0.362912 [sec]
N=62500, force_kernel_memopt3_with_aar_double3 0.332365 [sec] (without Host<->Device)
N=62500, force_kernel_memopt3_with_aar_double4 0.375207 [sec]
N=62500, force_kernel_memopt3_with_aar_double4 0.343763 [sec] (without Host<->Device)
N=62500, force_kernel_warp_unroll_with_aar_double3 0.505625 [sec]
N=62500, force_kernel_warp_unroll_with_aar_double3 0.475080 [sec] (without Host<->Device)
N=62500, force_kernel_warp_unroll_with_aar_double4 0.545581 [sec]
N=62500, force_kernel_warp_unroll_with_aar_double4 0.514134 [sec] (without Host<->Device)
